# JRE version: Java(TM) SE Runtime Environment (8.0_102-b14) (build 1.8.0_102-b14)
# Java VM: Java HotSpot(TM) 64-Bit Server VM (25.102-b14 mixed mode windows-amd64 compressed oops)
Heap:
 PSYoungGen      total 244224K, used 211968K [0x00000000d5580000, 0x00000000e6380000, 0x0000000100000000)
  eden space 211968K, 100% used [0x00000000d5580000,0x00000000e2480000,0x00000000e2480000)
  from space 32256K, 0% used [0x00000000e2480000,0x00000000e2480000,0x00000000e4400000)
  to   space 28672K, 0% used [0x00000000e4780000,0x00000000e4780000,0x00000000e6380000)
 ParOldGen       total 166912K, used 166799K [0x0000000080000000, 0x000000008a300000, 0x00000000d5580000)
  object space 166912K, 99% used [0x0000000080000000,0x000000008a2e3c00,0x000000008a300000)
 Metaspace       used 75117K, capacity 78954K, committed 79104K, reserved 1118208K
  class space    used 9695K, capacity 10407K, committed 10496K, reserved 1048576K
GC Heap History (10 events):
Event: 560.605 GC heap after
Heap after GC invocations=99 (full 32):
 PSYoungGen      total 244224K, used 190122K [0x00000000d5580000, 0x00000000e6380000, 0x0000000100000000)
  eden space 211968K, 89% used [0x00000000d5580000,0x00000000e0f2a8d8,0x00000000e2480000)
  from space 32256K, 0% used [0x00000000e2480000,0x00000000e2480000,0x00000000e4400000)
  to   space 28672K, 0% used [0x00000000e4780000,0x00000000e4780000,0x00000000e6380000)
 ParOldGen       total 166912K, used 166545K [0x0000000080000000, 0x000000008a300000, 0x00000000d5580000)
  object space 166912K, 99% used [0x0000000080000000,0x000000008a2a4580,0x000000008a300000)
 Metaspace       used 75117K, capacity 78954K, committed 79104K, reserved 1118208K
  class space    used 9695K, capacity 10407K, committed 10496K, reserved 1048576K
}
Event: 560.649 GC heap before
{Heap before GC invocations=100 (full 33):
 PSYoungGen      total 244224K, used 211968K [0x00000000d5580000, 0x00000000e6380000, 0x0000000100000000)
  eden space 211968K, 100% used [0x00000000d5580000,0x00000000e2480000,0x00000000e2480000)
  from space 32256K, 0% used [0x00000000e2480000,0x00000000e2480000,0x00000000e4400000)
  to   space 28672K, 0% used [0x00000000e4780000,0x00000000e4780000,0x00000000e6380000)
 ParOldGen       total 166912K, used 166545K [0x0000000080000000, 0x000000008a300000, 0x00000000d5580000)
  object space 166912K, 99% used [0x0000000080000000,0x000000008a2a4580,0x000000008a300000)
 Metaspace       used 75117K, capacity 78954K, committed 79104K, reserved 1118208K
  class space    used 9695K, capacity 10407K, committed 10496K, reserved 1048576K
Event: 561.785 GC heap after
Heap after GC invocations=100 (full 33):
 PSYoungGen      total 244224K, used 192159K [0x00000000d5580000, 0x00000000e6380000, 0x0000000100000000)
  eden space 211968K, 90% used [0x00000000d5580000,0x00000000e1127ff8,0x00000000e2480000)
  from space 32256K, 0% used [0x00000000e2480000,0x00000000e2480000,0x00000000e4400000)
  to   space 28672K, 0% used [0x00000000e4780000,0x00000000e4780000,0x00000000e6380000)
 ParOldGen       total 166912K, used 166801K [0x0000000080000000, 0x000000008a300000, 0x00000000d5580000)
  object space 166912K, 99% used [0x0000000080000000,0x000000008a2e45b0,0x000000008a300000)
 Metaspace       used 75117K, capacity 78954K, committed 79104K, reserved 1118208K
  class space    used 9695K, capacity 10407K, committed 10496K, reserved 1048576K
}
Event: 561.811 GC heap before
{Heap before GC invocations=101 (full 34):
 PSYoungGen      total 244224K, used 211968K [0x00000000d5580000, 0x00000000e6380000, 0x0000000100000000)
  eden space 211968K, 100% used [0x00000000d5580000,0x00000000e2480000,0x00000000e2480000)
  from space 32256K, 0% used [0x00000000e2480000,0x00000000e2480000,0x00000000e4400000)
  to   space 28672K, 0% used [0x00000000e4780000,0x00000000e4780000,0x00000000e6380000)
 ParOldGen       total 166912K, used 166801K [0x0000000080000000, 0x000000008a300000, 0x00000000d5580000)
  object space 166912K, 99% used [0x0000000080000000,0x000000008a2e45b0,0x000000008a300000)
 Metaspace       used 75117K, capacity 78954K, committed 79104K, reserved 1118208K
  class space    used 9695K, capacity 10407K, committed 10496K, reserved 1048576K
Event: 562.218 GC heap after
Heap after GC invocations=101 (full 34):
 PSYoungGen      total 244224K, used 193806K [0x00000000d5580000, 0x00000000e6380000, 0x0000000100000000)
  eden space 211968K, 91% used [0x00000000d5580000,0x00000000e12c3a50,0x00000000e2480000)
  from space 32256K, 0% used [0x00000000e2480000,0x00000000e2480000,0x00000000e4400000)
  to   space 28672K, 0% used [0x00000000e4780000,0x00000000e4780000,0x00000000e6380000)
 ParOldGen       total 166912K, used 166799K [0x0000000080000000, 0x000000008a300000, 0x00000000d5580000)
  object space 166912K, 99% used [0x0000000080000000,0x000000008a2e3e48,0x000000008a300000)
 Metaspace       used 75117K, capacity 78954K, committed 79104K, reserved 1118208K
  class space    used 9695K, capacity 10407K, committed 10496K, reserved 1048576K
}
Event: 562.234 GC heap before
{Heap before GC invocations=102 (full 35):
 PSYoungGen      total 244224K, used 211968K [0x00000000d5580000, 0x00000000e6380000, 0x0000000100000000)
  eden space 211968K, 100% used [0x00000000d5580000,0x00000000e2480000,0x00000000e2480000)
  from space 32256K, 0% used [0x00000000e2480000,0x00000000e2480000,0x00000000e4400000)
  to   space 28672K, 0% used [0x00000000e4780000,0x00000000e4780000,0x00000000e6380000)
 ParOldGen       total 166912K, used 166799K [0x0000000080000000, 0x000000008a300000, 0x00000000d5580000)
  object space 166912K, 99% used [0x0000000080000000,0x000000008a2e3e48,0x000000008a300000)
 Metaspace       used 75117K, capacity 78954K, committed 79104K, reserved 1118208K
  class space    used 9695K, capacity 10407K, committed 10496K, reserved 1048576K
Event: 562.781 GC heap after
Heap after GC invocations=102 (full 35):
 PSYoungGen      total 244224K, used 195897K [0x00000000d5580000, 0x00000000e6380000, 0x0000000100000000)
  eden space 211968K, 92% used [0x00000000d5580000,0x00000000e14ce538,0x00000000e2480000)
  from space 32256K, 0% used [0x00000000e2480000,0x00000000e2480000,0x00000000e4400000)
  to   space 28672K, 0% used [0x00000000e4780000,0x00000000e4780000,0x00000000e6380000)
 ParOldGen       total 166912K, used 166799K [0x0000000080000000, 0x000000008a300000, 0x00000000d5580000)
  object space 166912K, 99% used [0x0000000080000000,0x000000008a2e3dc8,0x000000008a300000)
 Metaspace       used 75117K, capacity 78954K, committed 79104K, reserved 1118208K
  class space    used 9695K, capacity 10407K, committed 10496K, reserved 1048576K
}
Event: 562.822 GC heap before
{Heap before GC invocations=103 (full 36):
 PSYoungGen      total 244224K, used 211968K [0x00000000d5580000, 0x00000000e6380000, 0x0000000100000000)
  eden space 211968K, 100% used [0x00000000d5580000,0x00000000e2480000,0x00000000e2480000)
  from space 32256K, 0% used [0x00000000e2480000,0x00000000e2480000,0x00000000e4400000)
  to   space 28672K, 0% used [0x00000000e4780000,0x00000000e4780000,0x00000000e6380000)
 ParOldGen       total 166912K, used 166799K [0x0000000080000000, 0x000000008a300000, 0x00000000d5580000)
  object space 166912K, 99% used [0x0000000080000000,0x000000008a2e3dc8,0x000000008a300000)
 Metaspace       used 75117K, capacity 78954K, committed 79104K, reserved 1118208K
  class space    used 9695K, capacity 10407K, committed 10496K, reserved 1048576K
Event: 563.237 GC heap after
Heap after GC invocations=103 (full 36):
 PSYoungGen      total 244224K, used 200050K [0x00000000d5580000, 0x00000000e6380000, 0x0000000100000000)
  eden space 211968K, 94% used [0x00000000d5580000,0x00000000e18dca88,0x00000000e2480000)
  from space 32256K, 0% used [0x00000000e2480000,0x00000000e2480000,0x00000000e4400000)
  to   space 28672K, 0% used [0x00000000e4780000,0x00000000e4780000,0x00000000e6380000)
 ParOldGen       total 166912K, used 166799K [0x0000000080000000, 0x000000008a300000, 0x00000000d5580000)
  object space 166912K, 99% used [0x0000000080000000,0x000000008a2e3c00,0x000000008a300000)
 Metaspace       used 75117K, capacity 78954K, committed 79104K, reserved 1118208K
  class space    used 9695K, capacity 10407K, committed 10496K, reserved 1048576K
}
Event: 563.262 GC heap before
{Heap before GC invocations=104 (full 37):
 PSYoungGen      total 244224K, used 211968K [0x00000000d5580000, 0x00000000e6380000, 0x0000000100000000)
  eden space 211968K, 100% used [0x00000000d5580000,0x00000000e2480000,0x00000000e2480000)
  from space 32256K, 0% used [0x00000000e2480000,0x00000000e2480000,0x00000000e4400000)
  to   space 28672K, 0% used [0x00000000e4780000,0x00000000e4780000,0x00000000e6380000)
 ParOldGen       total 166912K, used 166799K [0x0000000080000000, 0x000000008a300000, 0x00000000d5580000)
  object space 166912K, 99% used [0x0000000080000000,0x000000008a2e3c00,0x000000008a300000)
 Metaspace       used 75117K, capacity 78954K, committed 79104K, reserved 1118208K
  class space    used 9695K, capacity 10407K, committed 10496K, reserved 1048576K

