# JRE version: Java(TM) SE Runtime Environment (8.0_102-b14) (build 1.8.0_102-b14)
# Java VM: Java HotSpot(TM) 64-Bit Server VM (25.102-b14 mixed mode windows-amd64 compressed oops)
Heap:
 PSYoungGen      total 443904K, used 11409K [0x00000000d5580000, 0x00000000f5b00000, 0x0000000100000000)
  eden space 376832K, 0% used [0x00000000d5580000,0x00000000d5580000,0x00000000ec580000)
  from space 67072K, 17% used [0x00000000ed800000,0x00000000ee3247c8,0x00000000f1980000)
  to   space 56320K, 0% used [0x00000000f2400000,0x00000000f2400000,0x00000000f5b00000)
 ParOldGen       total 227328K, used 149254K [0x0000000080000000, 0x000000008de00000, 0x00000000d5580000)
  object space 227328K, 65% used [0x0000000080000000,0x00000000891c18a0,0x000000008de00000)
 Metaspace       used 69114K, capacity 71344K, committed 71552K, reserved 1116160K
  class space    used 8838K, capacity 9275K, committed 9344K, reserved 1048576K
GC Heap History (10 events):
Event: 88.442 GC heap before
{Heap before GC invocations=45 (full 5):
 PSYoungGen      total 399872K, used 387480K [0x00000000d5580000, 0x00000000f5b00000, 0x0000000100000000)
  eden space 348160K, 100% used [0x00000000d5580000,0x00000000ea980000,0x00000000ea980000)
  from space 51712K, 76% used [0x00000000ea980000,0x00000000ecfe6168,0x00000000edc00000)
  to   space 56320K, 0% used [0x00000000f2400000,0x00000000f2400000,0x00000000f5b00000)
 ParOldGen       total 170496K, used 123658K [0x0000000080000000, 0x000000008a680000, 0x00000000d5580000)
  object space 170496K, 72% used [0x0000000080000000,0x00000000878c2a78,0x000000008a680000)
 Metaspace       used 67792K, capacity 70040K, committed 70400K, reserved 1110016K
  class space    used 8697K, capacity 9143K, committed 9216K, reserved 1048576K
Event: 88.668 GC heap after
Heap after GC invocations=45 (full 5):
 PSYoungGen      total 399872K, used 387480K [0x00000000d5580000, 0x00000000f5b00000, 0x0000000100000000)
  eden space 348160K, 100% used [0x00000000d5580000,0x00000000ea980000,0x00000000ea980000)
  from space 51712K, 76% used [0x00000000ea980000,0x00000000ecfe6168,0x00000000edc00000)
  to   space 56320K, 99% used [0x00000000f2400000,0x00000000f5afd7b0,0x00000000f5b00000)
 ParOldGen       total 180224K, used 179892K [0x0000000080000000, 0x000000008b000000, 0x00000000d5580000)
  object space 180224K, 99% used [0x0000000080000000,0x000000008afad338,0x000000008b000000)
 Metaspace       used 67792K, capacity 70040K, committed 70400K, reserved 1110016K
  class space    used 8697K, capacity 9143K, committed 9216K, reserved 1048576K
}
Event: 88.668 GC heap before
{Heap before GC invocations=46 (full 6):
 PSYoungGen      total 399872K, used 387480K [0x00000000d5580000, 0x00000000f5b00000, 0x0000000100000000)
  eden space 348160K, 100% used [0x00000000d5580000,0x00000000ea980000,0x00000000ea980000)
  from space 51712K, 76% used [0x00000000ea980000,0x00000000ecfe6168,0x00000000edc00000)
  to   space 56320K, 99% used [0x00000000f2400000,0x00000000f5afd7b0,0x00000000f5b00000)
 ParOldGen       total 180224K, used 179892K [0x0000000080000000, 0x000000008b000000, 0x00000000d5580000)
  object space 180224K, 99% used [0x0000000080000000,0x000000008afad338,0x000000008b000000)
 Metaspace       used 67792K, capacity 70040K, committed 70400K, reserved 1110016K
  class space    used 8697K, capacity 9143K, committed 9216K, reserved 1048576K
Event: 89.113 GC heap after
Heap after GC invocations=46 (full 6):
 PSYoungGen      total 399872K, used 0K [0x00000000d5580000, 0x00000000f5b00000, 0x0000000100000000)
  eden space 348160K, 0% used [0x00000000d5580000,0x00000000d5580000,0x00000000ea980000)
  from space 51712K, 0% used [0x00000000ea980000,0x00000000ea980000,0x00000000edc00000)
  to   space 56320K, 14% used [0x00000000f2400000,0x00000000f2bf4b80,0x00000000f5b00000)
 ParOldGen       total 180224K, used 180102K [0x0000000080000000, 0x000000008b000000, 0x00000000d5580000)
  object space 180224K, 99% used [0x0000000080000000,0x000000008afe1910,0x000000008b000000)
 Metaspace       used 67792K, capacity 70040K, committed 70400K, reserved 1110016K
  class space    used 8697K, capacity 9143K, committed 9216K, reserved 1048576K
}
Event: 89.744 GC heap before
{Heap before GC invocations=47 (full 7):
 PSYoungGen      total 399872K, used 348160K [0x00000000d5580000, 0x00000000f5b00000, 0x0000000100000000)
  eden space 348160K, 100% used [0x00000000d5580000,0x00000000ea980000,0x00000000ea980000)
  from space 51712K, 0% used [0x00000000ea980000,0x00000000ea980000,0x00000000edc00000)
  to   space 56320K, 14% used [0x00000000f2400000,0x00000000f2bf4b80,0x00000000f5b00000)
 ParOldGen       total 180224K, used 180102K [0x0000000080000000, 0x000000008b000000, 0x00000000d5580000)
  object space 180224K, 99% used [0x0000000080000000,0x000000008afe1910,0x000000008b000000)
 Metaspace       used 67817K, capacity 70040K, committed 70400K, reserved 1110016K
  class space    used 8697K, capacity 9143K, committed 9216K, reserved 1048576K
Event: 90.117 GC heap after
Heap after GC invocations=47 (full 7):
 PSYoungGen      total 399872K, used 0K [0x00000000d5580000, 0x00000000f5b00000, 0x0000000100000000)
  eden space 348160K, 0% used [0x00000000d5580000,0x00000000d5580000,0x00000000ea980000)
  from space 51712K, 0% used [0x00000000ea980000,0x00000000ea980000,0x00000000edc00000)
  to   space 56320K, 0% used [0x00000000f2400000,0x00000000f2400000,0x00000000f5b00000)
 ParOldGen       total 180224K, used 167972K [0x0000000080000000, 0x000000008b000000, 0x00000000d5580000)
  object space 180224K, 93% used [0x0000000080000000,0x000000008a409148,0x000000008b000000)
 Metaspace       used 67817K, capacity 70040K, committed 70400K, reserved 1110016K
  class space    used 8697K, capacity 9143K, committed 9216K, reserved 1048576K
}
Event: 90.986 GC heap before
{Heap before GC invocations=48 (full 8):
 PSYoungGen      total 399872K, used 348160K [0x00000000d5580000, 0x00000000f5b00000, 0x0000000100000000)
  eden space 348160K, 100% used [0x00000000d5580000,0x00000000ea980000,0x00000000ea980000)
  from space 51712K, 0% used [0x00000000ea980000,0x00000000ea980000,0x00000000edc00000)
  to   space 56320K, 0% used [0x00000000f2400000,0x00000000f2400000,0x00000000f5b00000)
 ParOldGen       total 180224K, used 167972K [0x0000000080000000, 0x000000008b000000, 0x00000000d5580000)
  object space 180224K, 93% used [0x0000000080000000,0x000000008a409148,0x000000008b000000)
 Metaspace       used 67844K, capacity 70104K, committed 70400K, reserved 1110016K
  class space    used 8697K, capacity 9143K, committed 9216K, reserved 1048576K
Event: 91.390 GC heap after
Heap after GC invocations=48 (full 8):
 PSYoungGen      total 399872K, used 0K [0x00000000d5580000, 0x00000000f5b00000, 0x0000000100000000)
  eden space 348160K, 0% used [0x00000000d5580000,0x00000000d5580000,0x00000000ea980000)
  from space 51712K, 0% used [0x00000000ea980000,0x00000000ea980000,0x00000000edc00000)
  to   space 56320K, 0% used [0x00000000f2400000,0x00000000f2400000,0x00000000f5b00000)
 ParOldGen       total 227328K, used 139341K [0x0000000080000000, 0x000000008de00000, 0x00000000d5580000)
  object space 227328K, 61% used [0x0000000080000000,0x0000000088813400,0x000000008de00000)
 Metaspace       used 67844K, capacity 70104K, committed 70400K, reserved 1110016K
  class space    used 8697K, capacity 9143K, committed 9216K, reserved 1048576K
}
Event: 91.982 GC heap before
{Heap before GC invocations=49 (full 8):
 PSYoungGen      total 399872K, used 348160K [0x00000000d5580000, 0x00000000f5b00000, 0x0000000100000000)
  eden space 348160K, 100% used [0x00000000d5580000,0x00000000ea980000,0x00000000ea980000)
  from space 51712K, 0% used [0x00000000ea980000,0x00000000ea980000,0x00000000edc00000)
  to   space 56320K, 0% used [0x00000000f2400000,0x00000000f2400000,0x00000000f5b00000)
 ParOldGen       total 227328K, used 139341K [0x0000000080000000, 0x000000008de00000, 0x00000000d5580000)
  object space 227328K, 61% used [0x0000000080000000,0x0000000088813400,0x000000008de00000)
 Metaspace       used 67853K, capacity 70104K, committed 70400K, reserved 1110016K
  class space    used 8697K, capacity 9143K, committed 9216K, reserved 1048576K
Event: 92.032 GC heap after
Heap after GC invocations=49 (full 8):
 PSYoungGen      total 433152K, used 56303K [0x00000000d5580000, 0x00000000f5b00000, 0x0000000100000000)
  eden space 376832K, 0% used [0x00000000d5580000,0x00000000d5580000,0x00000000ec580000)
  from space 56320K, 99% used [0x00000000f2400000,0x00000000f5afbe20,0x00000000f5b00000)
  to   space 67072K, 0% used [0x00000000ed800000,0x00000000ed800000,0x00000000f1980000)
 ParOldGen       total 227328K, used 141169K [0x0000000080000000, 0x000000008de00000, 0x00000000d5580000)
  object space 227328K, 62% used [0x0000000080000000,0x00000000889dc660,0x000000008de00000)
 Metaspace       used 67853K, capacity 70104K, committed 70400K, reserved 1110016K
  class space    used 8697K, capacity 9143K, committed 9216K, reserved 1048576K
}

